(cv1p1) [smukher5@mns00 computer_vision_project_v_01]$ /afs/crc.nd.edu/user/s/smukher5/.conda/envs/cv1p1/bin/python /home/smukher5/computer_vision_project_v_01/train_v_08_arcface.py
Using device: cuda
Resolving data files: 100%|████████████████████████████████████████████████████████| 40/40 [00:00<00:00, 39850.87it/s]
Resolving data files: 100%|████████████████████████████████████████████████████████| 40/40 [00:00<00:00, 60328.00it/s]
Loading dataset shards: 100%|████████████████████████████████████████████████████████| 40/40 [00:00<00:00, 151.56it/s]
Train size: 3138862
Val size:   169178
ArcFace classes: 8631
Epoch [1/3] Step [50/6130] Loss: 23.8011
Epoch [1/3] Step [100/6130] Loss: 23.6648
Epoch [1/3] Step [150/6130] Loss: 23.5994
Epoch [1/3] Step [200/6130] Loss: 23.5455
Epoch [1/3] Step [250/6130] Loss: 23.4958
Epoch [1/3] Step [300/6130] Loss: 23.4740
Epoch [1/3] Step [350/6130] Loss: 23.4485
Epoch [1/3] Step [400/6130] Loss: 23.4306
Epoch [1/3] Step [450/6130] Loss: 23.4149
Epoch [1/3] Step [500/6130] Loss: 23.4041
Epoch [1/3] Step [550/6130] Loss: 23.3921
Epoch [1/3] Step [600/6130] Loss: 23.3837
Epoch [1/3] Step [650/6130] Loss: 23.3679
Epoch [1/3] Step [700/6130] Loss: 23.3599
Epoch [1/3] Step [750/6130] Loss: 23.3506
Epoch [1/3] Step [800/6130] Loss: 23.3382
Epoch [1/3] Step [850/6130] Loss: 23.3272
Epoch [1/3] Step [900/6130] Loss: 23.3181
Epoch [1/3] Step [950/6130] Loss: 23.3066
Epoch [1/3] Step [1000/6130] Loss: 23.2918
Epoch [1/3] Step [1050/6130] Loss: 23.2784
Epoch [1/3] Step [1100/6130] Loss: 23.2676
Epoch [1/3] Step [1150/6130] Loss: 23.2470
Epoch [1/3] Step [1200/6130] Loss: 23.2308
Epoch [1/3] Step [1250/6130] Loss: 23.2100
Epoch [1/3] Step [1300/6130] Loss: 23.1915
Epoch [1/3] Step [1350/6130] Loss: 23.1622
Epoch [1/3] Step [1400/6130] Loss: 23.1367
Epoch [1/3] Step [1450/6130] Loss: 23.1176
Epoch [1/3] Step [1500/6130] Loss: 23.0862
Epoch [1/3] Step [1550/6130] Loss: 23.0652
Epoch [1/3] Step [1600/6130] Loss: 23.0269
Epoch [1/3] Step [1650/6130] Loss: 23.0020
Epoch [1/3] Step [1700/6130] Loss: 22.9641
Epoch [1/3] Step [1750/6130] Loss: 22.9338
Epoch [1/3] Step [1800/6130] Loss: 22.8878
Epoch [1/3] Step [1850/6130] Loss: 22.8602
Epoch [1/3] Step [1900/6130] Loss: 22.8237
Epoch [1/3] Step [1950/6130] Loss: 22.7982
Epoch [1/3] Step [2000/6130] Loss: 22.7613
Epoch [1/3] Step [2050/6130] Loss: 22.7221
Epoch [1/3] Step [2100/6130] Loss: 22.6907
Epoch [1/3] Step [2150/6130] Loss: 22.6501
Epoch [1/3] Step [2200/6130] Loss: 22.6075
Epoch [1/3] Step [2250/6130] Loss: 22.5707
Epoch [1/3] Step [2300/6130] Loss: 22.5381
Epoch [1/3] Step [2350/6130] Loss: 22.4946
Epoch [1/3] Step [2400/6130] Loss: 22.4577
Epoch [1/3] Step [2450/6130] Loss: 22.4176
Epoch [1/3] Step [2500/6130] Loss: 22.3668
Epoch [1/3] Step [2550/6130] Loss: 22.3387
Epoch [1/3] Step [2600/6130] Loss: 22.2907
Epoch [1/3] Step [2650/6130] Loss: 22.2547
Epoch [1/3] Step [2700/6130] Loss: 22.2232
Epoch [1/3] Step [2750/6130] Loss: 22.1721
Epoch [1/3] Step [2800/6130] Loss: 22.1475
Epoch [1/3] Step [2850/6130] Loss: 22.1101
Epoch [1/3] Step [2900/6130] Loss: 22.0676
Epoch [1/3] Step [2950/6130] Loss: 22.0256
Epoch [1/3] Step [3000/6130] Loss: 21.9804
Epoch [1/3] Step [3050/6130] Loss: 21.9386
Epoch [1/3] Step [3100/6130] Loss: 21.9049
Epoch [1/3] Step [3150/6130] Loss: 21.8627
Epoch [1/3] Step [3200/6130] Loss: 21.8367
Epoch [1/3] Step [3250/6130] Loss: 21.7954
Epoch [1/3] Step [3300/6130] Loss: 21.7428
Epoch [1/3] Step [3350/6130] Loss: 21.7090
Epoch [1/3] Step [3400/6130] Loss: 21.6676
Epoch [1/3] Step [3450/6130] Loss: 21.6348
Epoch [1/3] Step [3500/6130] Loss: 21.6004
Epoch [1/3] Step [3550/6130] Loss: 21.5684
Epoch [1/3] Step [3600/6130] Loss: 21.5183
Epoch [1/3] Step [3650/6130] Loss: 21.4849
Epoch [1/3] Step [3700/6130] Loss: 21.4428
Epoch [1/3] Step [3750/6130] Loss: 21.3983
Epoch [1/3] Step [3800/6130] Loss: 21.3807
Epoch [1/3] Step [3850/6130] Loss: 21.3371
Epoch [1/3] Step [3900/6130] Loss: 21.3128
Epoch [1/3] Step [3950/6130] Loss: 21.2672
Epoch [1/3] Step [4000/6130] Loss: 21.2240
Epoch [1/3] Step [4050/6130] Loss: 21.2049
Epoch [1/3] Step [4100/6130] Loss: 21.1565
Epoch [1/3] Step [4150/6130] Loss: 21.1253
Epoch [1/3] Step [4200/6130] Loss: 21.0767
Epoch [1/3] Step [4250/6130] Loss: 21.0449
Epoch [1/3] Step [4300/6130] Loss: 21.0111
Epoch [1/3] Step [4350/6130] Loss: 20.9501
Epoch [1/3] Step [4400/6130] Loss: 20.9388
Epoch [1/3] Step [4450/6130] Loss: 20.9059
Epoch [1/3] Step [4500/6130] Loss: 20.8676
Epoch [1/3] Step [4550/6130] Loss: 20.8379
Epoch [1/3] Step [4600/6130] Loss: 20.7779
Epoch [1/3] Step [4650/6130] Loss: 20.7585
Epoch [1/3] Step [4700/6130] Loss: 20.7009
Epoch [1/3] Step [4750/6130] Loss: 20.6754
Epoch [1/3] Step [4800/6130] Loss: 20.6378
Epoch [1/3] Step [4850/6130] Loss: 20.6112
Epoch [1/3] Step [4900/6130] Loss: 20.5541
Epoch [1/3] Step [4950/6130] Loss: 20.5319
Epoch [1/3] Step [5000/6130] Loss: 20.4999
Epoch [1/3] Step [5050/6130] Loss: 20.4571
Epoch [1/3] Step [5100/6130] Loss: 20.4150
Epoch [1/3] Step [5150/6130] Loss: 20.3911
Epoch [1/3] Step [5200/6130] Loss: 20.3617
Epoch [1/3] Step [5250/6130] Loss: 20.3222
Epoch [1/3] Step [5300/6130] Loss: 20.2729
Epoch [1/3] Step [5350/6130] Loss: 20.2286
Epoch [1/3] Step [5400/6130] Loss: 20.2172
Epoch [1/3] Step [5450/6130] Loss: 20.1551
Epoch [1/3] Step [5500/6130] Loss: 20.1285
Epoch [1/3] Step [5550/6130] Loss: 20.1265
Epoch [1/3] Step [5600/6130] Loss: 20.0723
Epoch [1/3] Step [5650/6130] Loss: 20.0192
Epoch [1/3] Step [5700/6130] Loss: 20.0054
Epoch [1/3] Step [5750/6130] Loss: 19.9399
Epoch [1/3] Step [5800/6130] Loss: 19.9259
Epoch [1/3] Step [5850/6130] Loss: 19.8765
Epoch [1/3] Step [5900/6130] Loss: 19.8535
Epoch [1/3] Step [5950/6130] Loss: 19.8112
Epoch [1/3] Step [6000/6130] Loss: 19.7631
Epoch [1/3] Step [6050/6130] Loss: 19.7176
Epoch [1/3] Step [6100/6130] Loss: 19.7054
Epoch [2/3] Step [50/6130] Loss: 19.5871
Epoch [2/3] Step [100/6130] Loss: 19.5671
Epoch [2/3] Step [150/6130] Loss: 19.4998
Epoch [2/3] Step [200/6130] Loss: 19.4911
Epoch [2/3] Step [250/6130] Loss: 19.4622
Epoch [2/3] Step [300/6130] Loss: 19.4159
Epoch [2/3] Step [350/6130] Loss: 19.3654
Epoch [2/3] Step [400/6130] Loss: 19.3442
Epoch [2/3] Step [450/6130] Loss: 19.3002
Epoch [2/3] Step [500/6130] Loss: 19.2821
Epoch [2/3] Step [550/6130] Loss: 19.2398
Epoch [2/3] Step [600/6130] Loss: 19.1999
Epoch [2/3] Step [650/6130] Loss: 19.1587
Epoch [2/3] Step [700/6130] Loss: 19.1394
Epoch [2/3] Step [750/6130] Loss: 19.0971
Epoch [2/3] Step [800/6130] Loss: 19.0540
Epoch [2/3] Step [850/6130] Loss: 19.0113
Epoch [2/3] Step [900/6130] Loss: 18.9794
Epoch [2/3] Step [950/6130] Loss: 18.9432
Epoch [2/3] Step [1000/6130] Loss: 18.9221
Epoch [2/3] Step [1050/6130] Loss: 18.8643
Epoch [2/3] Step [1100/6130] Loss: 18.8600
Epoch [2/3] Step [1150/6130] Loss: 18.8061
Epoch [2/3] Step [1200/6130] Loss: 18.7650
Epoch [2/3] Step [1250/6130] Loss: 18.7240
Epoch [2/3] Step [1300/6130] Loss: 18.6986
Epoch [2/3] Step [1350/6130] Loss: 18.6701
Epoch [2/3] Step [1400/6130] Loss: 18.6509
Epoch [2/3] Step [1450/6130] Loss: 18.5908
Epoch [2/3] Step [1500/6130] Loss: 18.5607
Epoch [2/3] Step [1550/6130] Loss: 18.5113
Epoch [2/3] Step [1600/6130] Loss: 18.4682
Epoch [2/3] Step [1650/6130] Loss: 18.4711
Epoch [2/3] Step [1700/6130] Loss: 18.3803
Epoch [2/3] Step [1750/6130] Loss: 18.3703
Epoch [2/3] Step [1800/6130] Loss: 18.3191
Epoch [2/3] Step [1850/6130] Loss: 18.3142
Epoch [2/3] Step [1900/6130] Loss: 18.2345
Epoch [2/3] Step [1950/6130] Loss: 18.1949
Epoch [2/3] Step [2000/6130] Loss: 18.2021
Epoch [2/3] Step [2050/6130] Loss: 18.1841
Epoch [2/3] Step [2100/6130] Loss: 18.1374
Epoch [2/3] Step [2150/6130] Loss: 18.0765
Epoch [2/3] Step [2200/6130] Loss: 18.0433
Epoch [2/3] Step [2250/6130] Loss: 18.0479
Epoch [2/3] Step [2300/6130] Loss: 17.9781
Epoch [2/3] Step [2350/6130] Loss: 17.9291
Epoch [2/3] Step [2400/6130] Loss: 17.9020
Epoch [2/3] Step [2450/6130] Loss: 17.8612
Epoch [2/3] Step [2500/6130] Loss: 17.8264
Epoch [2/3] Step [2550/6130] Loss: 17.8055
Epoch [2/3] Step [2600/6130] Loss: 17.7514
Epoch [2/3] Step [2650/6130] Loss: 17.7196
Epoch [2/3] Step [2700/6130] Loss: 17.6827
Epoch [2/3] Step [2750/6130] Loss: 17.6510
Epoch [2/3] Step [2800/6130] Loss: 17.5768
Epoch [2/3] Step [2850/6130] Loss: 17.5597
Epoch [2/3] Step [2900/6130] Loss: 17.5205
Epoch [2/3] Step [2950/6130] Loss: 17.4814
Epoch [2/3] Step [3000/6130] Loss: 17.4457
Epoch [2/3] Step [3050/6130] Loss: 17.4010
Epoch [2/3] Step [3100/6130] Loss: 17.4167
Epoch [2/3] Step [3150/6130] Loss: 17.3429
Epoch [2/3] Step [3200/6130] Loss: 17.2846
Epoch [2/3] Step [3250/6130] Loss: 17.2816
Epoch [2/3] Step [3300/6130] Loss: 17.2598
Epoch [2/3] Step [3350/6130] Loss: 17.1957
Epoch [2/3] Step [3400/6130] Loss: 17.1996
Epoch [2/3] Step [3450/6130] Loss: 17.1353
Epoch [2/3] Step [3500/6130] Loss: 17.0806
Epoch [2/3] Step [3550/6130] Loss: 17.0612
Epoch [2/3] Step [3600/6130] Loss: 17.0170
Epoch [2/3] Step [3650/6130] Loss: 16.9305
Epoch [2/3] Step [3700/6130] Loss: 16.9641
Epoch [2/3] Step [3750/6130] Loss: 16.9124
Epoch [2/3] Step [3800/6130] Loss: 16.8556
Epoch [2/3] Step [3850/6130] Loss: 16.8272
Epoch [2/3] Step [3900/6130] Loss: 16.8038
Epoch [2/3] Step [3950/6130] Loss: 16.7771
Epoch [2/3] Step [4000/6130] Loss: 16.7484
Epoch [2/3] Step [4050/6130] Loss: 16.7064
Epoch [2/3] Step [4100/6130] Loss: 16.6795
Epoch [2/3] Step [4150/6130] Loss: 16.5966
Epoch [2/3] Step [4200/6130] Loss: 16.5677
Epoch [2/3] Step [4250/6130] Loss: 16.5479
Epoch [2/3] Step [4300/6130] Loss: 16.5299
Epoch [2/3] Step [4350/6130] Loss: 16.4877
Epoch [2/3] Step [4400/6130] Loss: 16.4531
Epoch [2/3] Step [4450/6130] Loss: 16.3747
Epoch [2/3] Step [4500/6130] Loss: 16.3615
Epoch [2/3] Step [4550/6130] Loss: 16.3028
Epoch [2/3] Step [4600/6130] Loss: 16.3274
Epoch [2/3] Step [4650/6130] Loss: 16.2704
Epoch [2/3] Step [4700/6130] Loss: 16.2121
Epoch [2/3] Step [4750/6130] Loss: 16.1878
Epoch [2/3] Step [4800/6130] Loss: 16.1774
Epoch [2/3] Step [4850/6130] Loss: 16.1235
Epoch [2/3] Step [4900/6130] Loss: 16.0576
Epoch [2/3] Step [4950/6130] Loss: 16.0171
Epoch [2/3] Step [5000/6130] Loss: 16.0134
Epoch [2/3] Step [5050/6130] Loss: 15.9922
Epoch [2/3] Step [5100/6130] Loss: 15.9061
Epoch [2/3] Step [5150/6130] Loss: 15.8711
Epoch [2/3] Step [5200/6130] Loss: 15.8748
Epoch [2/3] Step [5250/6130] Loss: 15.7900
Epoch [2/3] Step [5300/6130] Loss: 15.7900
Epoch [2/3] Step [5350/6130] Loss: 15.7182
Epoch [2/3] Step [5400/6130] Loss: 15.6662
Epoch [2/3] Step [5450/6130] Loss: 15.6845
Epoch [2/3] Step [5500/6130] Loss: 15.6525
Epoch [2/3] Step [5550/6130] Loss: 15.5986
Epoch [2/3] Step [5600/6130] Loss: 15.5691
Epoch [2/3] Step [5650/6130] Loss: 15.5521
Epoch [2/3] Step [5700/6130] Loss: 15.5536
Epoch [2/3] Step [5750/6130] Loss: 15.4355
Epoch [2/3] Step [5800/6130] Loss: 15.4493
Epoch [2/3] Step [5850/6130] Loss: 15.4072
Epoch [2/3] Step [5900/6130] Loss: 15.3520
Epoch [2/3] Step [5950/6130] Loss: 15.2811
Epoch [2/3] Step [6000/6130] Loss: 15.2696
Epoch [2/3] Step [6050/6130] Loss: 15.3004
Epoch [2/3] Step [6100/6130] Loss: 15.2197
Epoch [3/3] Step [50/6130] Loss: 15.0401
Epoch [3/3] Step [100/6130] Loss: 14.9948
Epoch [3/3] Step [150/6130] Loss: 15.0010
Epoch [3/3] Step [200/6130] Loss: 14.9161
Epoch [3/3] Step [250/6130] Loss: 14.9106
Epoch [3/3] Step [300/6130] Loss: 14.8973
Epoch [3/3] Step [350/6130] Loss: 14.8551
Epoch [3/3] Step [400/6130] Loss: 14.8025
Epoch [3/3] Step [450/6130] Loss: 14.7505
Epoch [3/3] Step [500/6130] Loss: 14.7413
Epoch [3/3] Step [550/6130] Loss: 14.7437
Epoch [3/3] Step [600/6130] Loss: 14.6690
Epoch [3/3] Step [650/6130] Loss: 14.6335
Epoch [3/3] Step [700/6130] Loss: 14.6194
Epoch [3/3] Step [750/6130] Loss: 14.5738
Epoch [3/3] Step [800/6130] Loss: 14.5705
Epoch [3/3] Step [850/6130] Loss: 14.5605
Epoch [3/3] Step [900/6130] Loss: 14.4880
Epoch [3/3] Step [950/6130] Loss: 14.4095
Epoch [3/3] Step [1000/6130] Loss: 14.3969
Epoch [3/3] Step [1050/6130] Loss: 14.3718
Epoch [3/3] Step [1100/6130] Loss: 14.3804
Epoch [3/3] Step [1150/6130] Loss: 14.3218
Epoch [3/3] Step [1200/6130] Loss: 14.2561
Epoch [3/3] Step [1250/6130] Loss: 14.2308
Epoch [3/3] Step [1300/6130] Loss: 14.2116
Epoch [3/3] Step [1350/6130] Loss: 14.1992
Epoch [3/3] Step [1400/6130] Loss: 14.1216
Epoch [3/3] Step [1450/6130] Loss: 14.1431
Epoch [3/3] Step [1500/6130] Loss: 14.0517
Epoch [3/3] Step [1550/6130] Loss: 14.0637
Epoch [3/3] Step [1600/6130] Loss: 14.0079
Epoch [3/3] Step [1650/6130] Loss: 13.9904
Epoch [3/3] Step [1700/6130] Loss: 13.9482
Epoch [3/3] Step [1750/6130] Loss: 13.9311
Epoch [3/3] Step [1800/6130] Loss: 13.8812
Epoch [3/3] Step [1850/6130] Loss: 13.8475
Epoch [3/3] Step [1900/6130] Loss: 13.8145
Epoch [3/3] Step [1950/6130] Loss: 13.8330
Epoch [3/3] Step [2000/6130] Loss: 13.7836
Epoch [3/3] Step [2050/6130] Loss: 13.7478
Epoch [3/3] Step [2100/6130] Loss: 13.6714
Epoch [3/3] Step [2150/6130] Loss: 13.6792
Epoch [3/3] Step [2200/6130] Loss: 13.6143
Epoch [3/3] Step [2250/6130] Loss: 13.5829
Epoch [3/3] Step [2300/6130] Loss: 13.5659
Epoch [3/3] Step [2350/6130] Loss: 13.4704
Epoch [3/3] Step [2400/6130] Loss: 13.4603
Epoch [3/3] Step [2450/6130] Loss: 13.4894
Epoch [3/3] Step [2500/6130] Loss: 13.4456
Epoch [3/3] Step [2550/6130] Loss: 13.4400
Epoch [3/3] Step [2600/6130] Loss: 13.3450
Epoch [3/3] Step [2650/6130] Loss: 13.3563
Epoch [3/3] Step [2700/6130] Loss: 13.2480
Epoch [3/3] Step [2750/6130] Loss: 13.3041
Epoch [3/3] Step [2800/6130] Loss: 13.2304
Epoch [3/3] Step [2850/6130] Loss: 13.2241
Epoch [3/3] Step [2900/6130] Loss: 13.1652
Epoch [3/3] Step [2950/6130] Loss: 13.1079
Epoch [3/3] Step [3000/6130] Loss: 13.0500
Epoch [3/3] Step [3050/6130] Loss: 13.0629
Epoch [3/3] Step [3100/6130] Loss: 12.9978
Epoch [3/3] Step [3150/6130] Loss: 12.9630
Epoch [3/3] Step [3200/6130] Loss: 12.9971
Epoch [3/3] Step [3250/6130] Loss: 12.9500
Epoch [3/3] Step [3300/6130] Loss: 12.9306
Epoch [3/3] Step [3350/6130] Loss: 12.8662
Epoch [3/3] Step [3400/6130] Loss: 12.8358
Epoch [3/3] Step [3450/6130] Loss: 12.8194
Epoch [3/3] Step [3500/6130] Loss: 12.7708
Epoch [3/3] Step [3550/6130] Loss: 12.7286
Epoch [3/3] Step [3600/6130] Loss: 12.7051
Epoch [3/3] Step [3650/6130] Loss: 12.6327
Epoch [3/3] Step [3700/6130] Loss: 12.6461
Epoch [3/3] Step [3750/6130] Loss: 12.6469
Epoch [3/3] Step [3800/6130] Loss: 12.6184
Epoch [3/3] Step [3850/6130] Loss: 12.5065
Epoch [3/3] Step [3900/6130] Loss: 12.5548
Epoch [3/3] Step [3950/6130] Loss: 12.4821
Epoch [3/3] Step [4000/6130] Loss: 12.4313
Epoch [3/3] Step [4050/6130] Loss: 12.3440
Epoch [3/3] Step [4100/6130] Loss: 12.3676
Epoch [3/3] Step [4150/6130] Loss: 12.3836
Epoch [3/3] Step [4200/6130] Loss: 12.4061
Epoch [3/3] Step [4250/6130] Loss: 12.3382
Epoch [3/3] Step [4300/6130] Loss: 12.2761
Epoch [3/3] Step [4350/6130] Loss: 12.2285
Epoch [3/3] Step [4400/6130] Loss: 12.1663
Epoch [3/3] Step [4450/6130] Loss: 12.1973
Epoch [3/3] Step [4500/6130] Loss: 12.1445
Epoch [3/3] Step [4550/6130] Loss: 12.0606
Epoch [3/3] Step [4600/6130] Loss: 12.0850
Epoch [3/3] Step [4650/6130] Loss: 12.0777
Epoch [3/3] Step [4700/6130] Loss: 12.0574
Epoch [3/3] Step [4750/6130] Loss: 11.9752
Epoch [3/3] Step [4800/6130] Loss: 12.0151
Epoch [3/3] Step [4850/6130] Loss: 11.9449
Epoch [3/3] Step [4900/6130] Loss: 11.9248
Epoch [3/3] Step [4950/6130] Loss: 11.8490
Epoch [3/3] Step [5000/6130] Loss: 11.8949
Epoch [3/3] Step [5050/6130] Loss: 11.7945
Epoch [3/3] Step [5100/6130] Loss: 11.7512
Epoch [3/3] Step [5150/6130] Loss: 11.7898
Epoch [3/3] Step [5200/6130] Loss: 11.6923
Epoch [3/3] Step [5250/6130] Loss: 11.7231
Epoch [3/3] Step [5300/6130] Loss: 11.6704
Epoch [3/3] Step [5350/6130] Loss: 11.6274
Epoch [3/3] Step [5400/6130] Loss: 11.6348
Epoch [3/3] Step [5450/6130] Loss: 11.5134
Epoch [3/3] Step [5500/6130] Loss: 11.6098
Epoch [3/3] Step [5550/6130] Loss: 11.5376
Epoch [3/3] Step [5600/6130] Loss: 11.4929
Epoch [3/3] Step [5650/6130] Loss: 11.4388
Epoch [3/3] Step [5700/6130] Loss: 11.4434
Epoch [3/3] Step [5750/6130] Loss: 11.4032
Epoch [3/3] Step [5800/6130] Loss: 11.4561
Epoch [3/3] Step [5850/6130] Loss: 11.3902
Epoch [3/3] Step [5900/6130] Loss: 11.2760
Epoch [3/3] Step [5950/6130] Loss: 11.3128
Epoch [3/3] Step [6000/6130] Loss: 11.2177
Epoch [3/3] Step [6050/6130] Loss: 11.2707
Epoch [3/3] Step [6100/6130] Loss: 11.1928
ArcFace Training finished.
Validation embeddings shape: (169178, 1024)
Clustering accuracy: 79.02%
/home/smukher5/computer_vision_project_v_01/train_v_08_arcface.py:297: UserWarning: Tight layout not applied. The bottom and top margins cannot be made large enough to accommodate all Axes decorations.
  plt.tight_layout()
/home/smukher5/computer_vision_project_v_01/train_v_08_arcface.py:308: UserWarning: Tight layout not applied. The bottom and top margins cannot be made large enough to accommodate all Axes decorations.
  plt.tight_layout()
Saved ArcFace plots.