(cv1p1) [smukher5@mns00 computer_vision_project_v_01]$  cd /home/smukher5/computer_vision_project_v_01 ; /usr/bin/env /afs/crc.nd.edu/user/s/smukher5/.conda/envs/cv1p1/bin/python /afs/crc.nd.edu/user/s/smukher5/.vscode-server/extensions/ms-python.debugpy-2025.16.0-linux-x64/bundled/libs/debugpy/adapter/../../debugpy/launcher 34533 -- /home/smukher5/computer_vision_project_v_01/train_v_05.py 
Resolving data files: 100%|█████████████████████████████████████████████████████████████| 40/40 [00:00<00:00, 22543.96it/s]
Resolving data files: 100%|█████████████████████████████████████████████████████████████| 40/40 [00:00<00:00, 24353.63it/s]
Loading dataset shards: 100%|█████████████████████████████████████████████████████████████| 40/40 [00:00<00:00, 267.55it/s]
DatasetDict({
    train: Dataset({
        features: ['image', 'label'],
        num_rows: 3138862
    })
    validation: Dataset({
        features: ['image', 'label'],
        num_rows: 169178
    })
})
Dataset({
    features: ['image', 'label'],
    num_rows: 9223
})
9223
Dataset({
    features: ['image', 'label'],
    num_rows: 7378
})
Dataset({
    features: ['image', 'label'],
    num_rows: 1845
})
Using device: cuda
Num classes: 28
Epoch [1/20] Train Loss: 1.5071, Train Acc: 0.6126 Val Loss: 0.5234, Val Acc: 0.8656
Epoch [2/20] Train Loss: 0.2333, Train Acc: 0.9504 Val Loss: 0.2835, Val Acc: 0.9165
Epoch [3/20] Train Loss: 0.0429, Train Acc: 0.9944 Val Loss: 0.1821, Val Acc: 0.9425
Epoch [4/20] Train Loss: 0.0147, Train Acc: 0.9988 Val Loss: 0.1712, Val Acc: 0.9458
Epoch [5/20] Train Loss: 0.0072, Train Acc: 0.9995 Val Loss: 0.1587, Val Acc: 0.9474
Epoch [6/20] Train Loss: 0.0043, Train Acc: 0.9996 Val Loss: 0.1575, Val Acc: 0.9501
Epoch [7/20] Train Loss: 0.0033, Train Acc: 1.0000 Val Loss: 0.1510, Val Acc: 0.9539
Epoch [8/20] Train Loss: 0.0018, Train Acc: 1.0000 Val Loss: 0.1460, Val Acc: 0.9561
Epoch [9/20] Train Loss: 0.0014, Train Acc: 1.0000 Val Loss: 0.1435, Val Acc: 0.9550
Epoch [10/20] Train Loss: 0.0263, Train Acc: 0.9935 Val Loss: 0.3887, Val Acc: 0.8829
Epoch [11/20] Train Loss: 0.1254, Train Acc: 0.9646 Val Loss: 0.3951, Val Acc: 0.8911
Epoch [12/20] Train Loss: 0.0558, Train Acc: 0.9855 Val Loss: 0.1866, Val Acc: 0.9404
Epoch [13/20] Train Loss: 0.0123, Train Acc: 0.9972 Val Loss: 0.1254, Val Acc: 0.9626
Epoch [14/20] Train Loss: 0.0105, Train Acc: 0.9980 Val Loss: 0.1378, Val Acc: 0.9572
Epoch [15/20] Train Loss: 0.0227, Train Acc: 0.9939 Val Loss: 0.1908, Val Acc: 0.9393
Epoch [16/20] Train Loss: 0.0112, Train Acc: 0.9967 Val Loss: 0.2205, Val Acc: 0.9382
Epoch [17/20] Train Loss: 0.0090, Train Acc: 0.9976 Val Loss: 0.1590, Val Acc: 0.9485
Epoch [18/20] Train Loss: 0.0088, Train Acc: 0.9977 Val Loss: 0.1380, Val Acc: 0.9604
Epoch [19/20] Train Loss: 0.0037, Train Acc: 0.9995 Val Loss: 0.1142, Val Acc: 0.9642
Epoch [20/20] Train Loss: 0.0013, Train Acc: 1.0000 Val Loss: 0.0986, Val Acc: 0.9664
Best validation accuracy: 0.9664
